AuthenticateUserLogin...
stderr: 
parsing
null
LogOff...
stderr:   % Total    % Received % Xferd  Average Speed   Time    Time     Time  Current
                                 Dload  Upload   Total   Spent    Left  Speed
  0     0    0     0    0     0      0      0 --:--:-- --:--:-- --:--:--     0100   254  100   254    0     0   1326      0 --:--:-- --:--:-- --:--:--  1329

GetLocations...
stderr:   % Total    % Received % Xferd  Average Speed   Time    Time     Time  Current
                                 Dload  Upload   Total   Spent    Left  Speed
  0     0    0     0    0     0      0      0 --:--:-- --:--:-- --:--:--     0  0     0    0     0    0     0      0      0 --:--:-- --:--:-- --:--:--     0100 12555  100 12555    0     0  31754      0 --:--:-- --:--:-- --:--:-- 31704

{ LocationID: [ '536145' ],
  CanControl: [ 'true' ],
  Name: [ 'Roswell' ],
  Type: [ 'C' ],
  Country: [ 'US' ],
  ZipCode: [ '30075' ],
  CurrentWeather: 
   [ { IsDefined: [Object],
       IsValid: [Object],
       Condition: [Object],
       Temperature: [Object],
       TempUnit: [Object],
       Humidity: [Object],
       PhraseKey: [Object] } ],
  Thermostats: [ { ThermostatInfo: [Object] } ],
  TimeZone: [ 'Eastern' ] }
{ ThermostatID: [ '581279' ],
  MacID: [ '00D02D41B9BF' ],
  DomainID: [ '44449' ],
  Instance: [ '0' ],
  DeviceName: [ 'THERMOSTAT' ],
  UserDefinedDeviceName: [ 'ROS_THERMOSTAT' ],
  Upgrading: [ 'false' ],
  ThermostatsAlerts: [ '' ],
  UI: 
   [ { Created: [Object],
       ThermostatLocked: [Object],
       OutdoorTemp: [Object],
       DispTemperature: [Object],
       HeatSetpoint: [Object],
       CoolSetpoint: [Object],
       DisplayedUnits: [Object],
       StatusHeat: [Object],
       StatusCool: [Object],
       HoldUntilCapable: [Object],
       ScheduleCapable: [Object],
       VacationHold: [Object],
       DualSetpointStatus: [Object],
       HeatNextPeriod: [Object],
       CoolNextPeriod: [Object],
       HeatLowerSetptLimit: [Object],
       HeatUpperSetptLimit: [Object],
       CoolLowerSetptLimit: [Object],
       CoolUpperSetptLimit: [Object],
       SchedHeatSp: [Object],
       SchedCoolSp: [Object],
       SystemSwitchPosition: [Object],
       CanSetSwitchAuto: [Object],
       CanSetSwitchCool: [Object],
       CanSetSwitchOff: [Object],
       CanSetSwitchHeat: [Object],
       CanSetSwitchEmergencyHeat: [Object],
       CanSetSwitchSouthernAway: [Object],
       Deadband: [Object],
       OutdoorHumidity: [Object],
       IndoorHumidity: [Object],
       Commercial: [Object] } ],
  Fan: 
   [ { CanControl: [Object],
       Position: [Object],
       CanSetAuto: [Object],
       CanSetCirculate: [Object],
       CanFollowSchedule: [Object],
       CanSetOn: [Object],
       IsFanRunning: [Object] } ],
  Humidification: 
   [ { CanControlHumidification: [Object],
       CanControlDehumidification: [Object],
       HumidificationSetPoint: [Object],
       HumidificationUpperLimit: [Object],
       HumidificationLowerLimit: [Object],
       HumidificationMode: [Object],
       DehumidificationSetPoint: [Object],
       DehumidificationUpperLimit: [Object],
       DehumidificationLowerLimit: [Object],
       DehumidificationMode: [Object],
       Deadband: [Object] } ],
  EquipmentStatus: [ 'Off' ],
  CanControlSchedule: [ 'true' ],
  WillSupportSchedule: [ 'false' ] }
{ Created: [ '2017-10-19T00:22:32' ],
  ThermostatLocked: [ 'false' ],
  OutdoorTemp: [ '128.0000' ],
  DispTemperature: [ '72.0000' ],
  HeatSetpoint: [ '74.0000' ],
  CoolSetpoint: [ '78.0000' ],
  DisplayedUnits: [ 'F' ],
  StatusHeat: [ '2' ],
  StatusCool: [ '2' ],
  HoldUntilCapable: [ 'true' ],
  ScheduleCapable: [ 'true' ],
  VacationHold: [ '0' ],
  DualSetpointStatus: [ 'false' ],
  HeatNextPeriod: [ '38' ],
  CoolNextPeriod: [ '38' ],
  HeatLowerSetptLimit: [ '40.0000' ],
  HeatUpperSetptLimit: [ '90.0000' ],
  CoolLowerSetptLimit: [ '50.0000' ],
  CoolUpperSetptLimit: [ '99.0000' ],
  SchedHeatSp: [ '50.0000' ],
  SchedCoolSp: [ '82.0000' ],
  SystemSwitchPosition: [ '3' ],
  CanSetSwitchAuto: [ 'false' ],
  CanSetSwitchCool: [ 'true' ],
  CanSetSwitchOff: [ 'true' ],
  CanSetSwitchHeat: [ 'true' ],
  CanSetSwitchEmergencyHeat: [ 'false' ],
  CanSetSwitchSouthernAway: [ 'false' ],
  Deadband: [ '0.0000' ],
  OutdoorHumidity: [ '128.0000' ],
  IndoorHumidity: [ '128.0000' ],
  Commercial: [ 'false' ] }
{ LocationID: [ '548041' ],
  CanControl: [ 'true' ],
  Name: [ 'EastCobb' ],
  Type: [ 'C' ],
  Country: [ 'US' ],
  ZipCode: [ '30068' ],
  CurrentWeather: 
   [ { IsDefined: [Object],
       IsValid: [Object],
       Condition: [Object],
       Temperature: [Object],
       TempUnit: [Object],
       Humidity: [Object],
       PhraseKey: [Object] } ],
  Thermostats: [ { ThermostatInfo: [Object] } ],
  TimeZone: [ 'Eastern' ] }
{ ThermostatID: [ '594679' ],
  MacID: [ '00D02D47A9D7' ],
  DomainID: [ '44449' ],
  Instance: [ '0' ],
  DeviceName: [ 'THERMOSTAT' ],
  UserDefinedDeviceName: [ 'ECB_Playroom' ],
  Upgrading: [ 'false' ],
  ThermostatsAlerts: [ '' ],
  UI: 
   [ { Created: [Object],
       ThermostatLocked: [Object],
       OutdoorTemp: [Object],
       DispTemperature: [Object],
       HeatSetpoint: [Object],
       CoolSetpoint: [Object],
       DisplayedUnits: [Object],
       StatusHeat: [Object],
       StatusCool: [Object],
       HoldUntilCapable: [Object],
       ScheduleCapable: [Object],
       VacationHold: [Object],
       DualSetpointStatus: [Object],
       HeatNextPeriod: [Object],
       CoolNextPeriod: [Object],
       HeatLowerSetptLimit: [Object],
       HeatUpperSetptLimit: [Object],
       CoolLowerSetptLimit: [Object],
       CoolUpperSetptLimit: [Object],
       SchedHeatSp: [Object],
       SchedCoolSp: [Object],
       SystemSwitchPosition: [Object],
       CanSetSwitchAuto: [Object],
       CanSetSwitchCool: [Object],
       CanSetSwitchOff: [Object],
       CanSetSwitchHeat: [Object],
       CanSetSwitchEmergencyHeat: [Object],
       CanSetSwitchSouthernAway: [Object],
       Deadband: [Object],
       OutdoorHumidity: [Object],
       IndoorHumidity: [Object],
       Commercial: [Object] } ],
  Fan: 
   [ { CanControl: [Object],
       Position: [Object],
       CanSetAuto: [Object],
       CanSetCirculate: [Object],
       CanFollowSchedule: [Object],
       CanSetOn: [Object],
       IsFanRunning: [Object] } ],
  Humidification: 
   [ { CanControlHumidification: [Object],
       CanControlDehumidification: [Object],
       HumidificationSetPoint: [Object],
       HumidificationUpperLimit: [Object],
       HumidificationLowerLimit: [Object],
       HumidificationMode: [Object],
       DehumidificationSetPoint: [Object],
       DehumidificationUpperLimit: [Object],
       DehumidificationLowerLimit: [Object],
       DehumidificationMode: [Object],
       Deadband: [Object] } ],
  EquipmentStatus: [ 'Off' ],
  CanControlSchedule: [ 'true' ],
  WillSupportSchedule: [ 'false' ] }
{ Created: [ '2017-10-18T23:03:30' ],
  ThermostatLocked: [ 'false' ],
  OutdoorTemp: [ '128.0000' ],
  DispTemperature: [ '74.0000' ],
  HeatSetpoint: [ '50.0000' ],
  CoolSetpoint: [ '82.0000' ],
  DisplayedUnits: [ 'F' ],
  StatusHeat: [ '0' ],
  StatusCool: [ '0' ],
  HoldUntilCapable: [ 'true' ],
  ScheduleCapable: [ 'true' ],
  VacationHold: [ '0' ],
  DualSetpointStatus: [ 'false' ],
  HeatNextPeriod: [ '38' ],
  CoolNextPeriod: [ '38' ],
  HeatLowerSetptLimit: [ '40.0000' ],
  HeatUpperSetptLimit: [ '90.0000' ],
  CoolLowerSetptLimit: [ '50.0000' ],
  CoolUpperSetptLimit: [ '99.0000' ],
  SchedHeatSp: [ '50.0000' ],
  SchedCoolSp: [ '82.0000' ],
  SystemSwitchPosition: [ '2' ],
  CanSetSwitchAuto: [ 'false' ],
  CanSetSwitchCool: [ 'true' ],
  CanSetSwitchOff: [ 'true' ],
  CanSetSwitchHeat: [ 'true' ],
  CanSetSwitchEmergencyHeat: [ 'false' ],
  CanSetSwitchSouthernAway: [ 'false' ],
  Deadband: [ '0.0000' ],
  OutdoorHumidity: [ '128.0000' ],
  IndoorHumidity: [ '128.0000' ],
  Commercial: [ 'false' ] }
{ LocationID: [ '550664' ],
  CanControl: [ 'true' ],
  Name: [ 'WestCobb' ],
  Type: [ 'C' ],
  Country: [ 'US' ],
  ZipCode: [ '30064' ],
  CurrentWeather: 
   [ { IsDefined: [Object],
       IsValid: [Object],
       Condition: [Object],
       Temperature: [Object],
       TempUnit: [Object],
       Humidity: [Object],
       PhraseKey: [Object] } ],
  Thermostats: [ { ThermostatInfo: [Object] } ],
  TimeZone: [ 'Eastern' ] }
{ ThermostatID: [ '597696' ],
  MacID: [ '00D02D3BB41E' ],
  DomainID: [ '44449' ],
  Instance: [ '0' ],
  DeviceName: [ 'THERMOSTAT' ],
  UserDefinedDeviceName: [ 'WestCobb' ],
  Upgrading: [ 'false' ],
  ThermostatsAlerts: [ '' ],
  UI: 
   [ { Created: [Object],
       ThermostatLocked: [Object],
       OutdoorTemp: [Object],
       DispTemperature: [Object],
       HeatSetpoint: [Object],
       CoolSetpoint: [Object],
       DisplayedUnits: [Object],
       StatusHeat: [Object],
       StatusCool: [Object],
       HoldUntilCapable: [Object],
       ScheduleCapable: [Object],
       VacationHold: [Object],
       DualSetpointStatus: [Object],
       HeatNextPeriod: [Object],
       CoolNextPeriod: [Object],
       HeatLowerSetptLimit: [Object],
       HeatUpperSetptLimit: [Object],
       CoolLowerSetptLimit: [Object],
       CoolUpperSetptLimit: [Object],
       SchedHeatSp: [Object],
       SchedCoolSp: [Object],
       SystemSwitchPosition: [Object],
       CanSetSwitchAuto: [Object],
       CanSetSwitchCool: [Object],
       CanSetSwitchOff: [Object],
       CanSetSwitchHeat: [Object],
       CanSetSwitchEmergencyHeat: [Object],
       CanSetSwitchSouthernAway: [Object],
       Deadband: [Object],
       OutdoorHumidity: [Object],
       IndoorHumidity: [Object],
       Commercial: [Object] } ],
  Fan: 
   [ { CanControl: [Object],
       Position: [Object],
       CanSetAuto: [Object],
       CanSetCirculate: [Object],
       CanFollowSchedule: [Object],
       CanSetOn: [Object],
       IsFanRunning: [Object] } ],
  Humidification: 
   [ { CanControlHumidification: [Object],
       CanControlDehumidification: [Object],
       HumidificationSetPoint: [Object],
       HumidificationUpperLimit: [Object],
       HumidificationLowerLimit: [Object],
       HumidificationMode: [Object],
       DehumidificationSetPoint: [Object],
       DehumidificationUpperLimit: [Object],
       DehumidificationLowerLimit: [Object],
       DehumidificationMode: [Object],
       Deadband: [Object] } ],
  EquipmentStatus: [ 'Off' ],
  CanControlSchedule: [ 'true' ],
  WillSupportSchedule: [ 'false' ] }
{ Created: [ '2017-10-19T00:16:39' ],
  ThermostatLocked: [ 'false' ],
  OutdoorTemp: [ '128.0000' ],
  DispTemperature: [ '75.0000' ],
  HeatSetpoint: [ '50.0000' ],
  CoolSetpoint: [ '82.0000' ],
  DisplayedUnits: [ 'F' ],
  StatusHeat: [ '0' ],
  StatusCool: [ '0' ],
  HoldUntilCapable: [ 'true' ],
  ScheduleCapable: [ 'true' ],
  VacationHold: [ '0' ],
  DualSetpointStatus: [ 'false' ],
  HeatNextPeriod: [ '38' ],
  CoolNextPeriod: [ '38' ],
  HeatLowerSetptLimit: [ '40.0000' ],
  HeatUpperSetptLimit: [ '90.0000' ],
  CoolLowerSetptLimit: [ '50.0000' ],
  CoolUpperSetptLimit: [ '99.0000' ],
  SchedHeatSp: [ '50.0000' ],
  SchedCoolSp: [ '82.0000' ],
  SystemSwitchPosition: [ '1' ],
  CanSetSwitchAuto: [ 'false' ],
  CanSetSwitchCool: [ 'true' ],
  CanSetSwitchOff: [ 'true' ],
  CanSetSwitchHeat: [ 'true' ],
  CanSetSwitchEmergencyHeat: [ 'false' ],
  CanSetSwitchSouthernAway: [ 'false' ],
  Deadband: [ '0.0000' ],
  OutdoorHumidity: [ '128.0000' ],
  IndoorHumidity: [ '128.0000' ],
  Commercial: [ 'false' ] }
